0 info it worked if it ends with ok
1 verbose cli [ '/Users/davidberner/.nvm/versions/node/v7.7.3/bin/node',
1 verbose cli   '/Users/davidberner/.nvm/versions/node/v7.7.3/bin/npm',
1 verbose cli   'run',
1 verbose cli   'commit' ]
2 info using npm@4.1.2
3 info using node@v7.7.3
4 verbose run-script [ 'precommit', 'commit', 'postcommit' ]
5 info lifecycle pogojs@0.0.0-development~precommit: pogojs@0.0.0-development
6 silly lifecycle pogojs@0.0.0-development~precommit: no script for precommit, continuing
7 info lifecycle pogojs@0.0.0-development~commit: pogojs@0.0.0-development
8 verbose lifecycle pogojs@0.0.0-development~commit: unsafe-perm in lifecycle true
9 verbose lifecycle pogojs@0.0.0-development~commit: PATH: /Users/davidberner/.nvm/versions/node/v7.7.3/lib/node_modules/npm/bin/node-gyp-bin:/Users/davidberner/Documents/repos/pogojs/node_modules/.bin:/Users/davidberner/.nvm/versions/node/v7.7.3/bin:/usr/local/bin:/usr/bin:/bin:/usr/sbin:/sbin:/usr/local/go/bin:/Applications/Postgres.app/Contents/Versions/9.6/bin
10 verbose lifecycle pogojs@0.0.0-development~commit: CWD: /Users/davidberner/Documents/repos/pogojs
11 silly lifecycle pogojs@0.0.0-development~commit: Args: [ '-c', 'git-cz' ]
12 silly lifecycle pogojs@0.0.0-development~commit: Returned: code: 1  signal: null
13 info lifecycle pogojs@0.0.0-development~commit: Failed to exec commit script
14 verbose stack Error: pogojs@0.0.0-development commit: `git-cz`
14 verbose stack Exit status 1
14 verbose stack     at EventEmitter.<anonymous> (/Users/davidberner/.nvm/versions/node/v7.7.3/lib/node_modules/npm/lib/utils/lifecycle.js:279:16)
14 verbose stack     at emitTwo (events.js:106:13)
14 verbose stack     at EventEmitter.emit (events.js:194:7)
14 verbose stack     at ChildProcess.<anonymous> (/Users/davidberner/.nvm/versions/node/v7.7.3/lib/node_modules/npm/lib/utils/spawn.js:40:14)
14 verbose stack     at emitTwo (events.js:106:13)
14 verbose stack     at ChildProcess.emit (events.js:194:7)
14 verbose stack     at maybeClose (internal/child_process.js:899:16)
14 verbose stack     at Process.ChildProcess._handle.onexit (internal/child_process.js:226:5)
15 verbose pkgid pogojs@0.0.0-development
16 verbose cwd /Users/davidberner/Documents/repos/pogojs
17 error Darwin 16.7.0
18 error argv "/Users/davidberner/.nvm/versions/node/v7.7.3/bin/node" "/Users/davidberner/.nvm/versions/node/v7.7.3/bin/npm" "run" "commit"
19 error node v7.7.3
20 error npm  v4.1.2
21 error code ELIFECYCLE
22 error pogojs@0.0.0-development commit: `git-cz`
22 error Exit status 1
23 error Failed at the pogojs@0.0.0-development commit script 'git-cz'.
23 error Make sure you have the latest version of node.js and npm installed.
23 error If you do, this is most likely a problem with the pogojs package,
23 error not with npm itself.
23 error Tell the author that this fails on your system:
23 error     git-cz
23 error You can get information on how to open an issue for this project with:
23 error     npm bugs pogojs
23 error Or if that isn't available, you can get their info via:
23 error     npm owner ls pogojs
23 error There is likely additional logging output above.
24 verbose exit [ 1, true ]
